[0m18:43:16.953898 [debug] [MainThread]: Sending event: {'category': 'dbt', 'action': 'invocation', 'label': 'start', 'context': [<snowplow_tracker.self_describing_json.SelfDescribingJson object at 0x108e4ebd0>, <snowplow_tracker.self_describing_json.SelfDescribingJson object at 0x10bb87650>, <snowplow_tracker.self_describing_json.SelfDescribingJson object at 0x10bb87f50>]}


============================== 18:43:16.957625 | 928e5eaa-bf09-4d32-9a2a-5246c49a69b3 ==============================
[0m18:43:16.957625 [info ] [MainThread]: Running with dbt=1.11.8
[0m18:43:16.957853 [debug] [MainThread]: running dbt with arguments {'invocation_command': 'dbt init healthcare_claims_dbt', 'use_colors': 'True', 'write_json': 'True', 'warn_error_options': 'WarnErrorOptionsV2(error=[], warn=[], silence=[])', 'fail_fast': 'False', 'log_path': 'logs', 'log_format': 'default', 'printer_width': '80', 'use_experimental_parser': 'False', 'indirect_selection': 'eager', 'quiet': 'False', 'no_print': 'None', 'warn_error': 'None', 'profiles_dir': '/Users/rakshithch/.dbt', 'partial_parse': 'True', 'log_cache_events': 'False', 'debug': 'False', 'introspect': 'True', 'cache_selected_only': 'False', 'target_path': 'None', 'static_parser': 'True', 'send_anonymous_usage_stats': 'True', 'empty': 'None', 'version_check': 'True'}
[0m18:43:16.964956 [info ] [MainThread]: Creating dbt configuration folder at /Users/rakshithch/.dbt
[0m18:43:16.965629 [debug] [MainThread]: Starter project path: /Users/rakshithch/snowflake-healthcare-claims/dbt-env/lib/python3.11/site-packages/dbt/include/starter_project
[0m18:43:16.968144 [info ] [MainThread]: 
Your new dbt project "healthcare_claims_dbt" was created!

For more information on how to configure the profiles.yml file,
please consult the dbt documentation here:

  https://docs.getdbt.com/docs/configure-your-profile

One more thing:

Need help? Don't hesitate to reach out to us via GitHub issues or on Slack:

  https://community.getdbt.com/

Happy modeling!

[0m18:43:16.968292 [info ] [MainThread]: Setting up your profile.
[0m18:43:26.776161 [debug] [MainThread]: Snowflake adapter: Setting snowflake.connector to ERROR (file logging only)
[0m18:43:26.776747 [debug] [MainThread]: Snowflake adapter: Setting botocore to ERROR (file logging only)
[0m18:43:26.776992 [debug] [MainThread]: Snowflake adapter: Setting boto3 to ERROR (file logging only)
[0m18:44:40.613126 [info ] [MainThread]: Profile healthcare_claims_dbt written to /Users/rakshithch/.dbt/profiles.yml using target's profile_template.yml and your supplied values. Run 'dbt debug' to validate the connection.
[0m18:44:40.856608 [debug] [MainThread]: Resource report: {"command_name": "init", "command_success": true, "command_wall_clock_time": 83.934235, "process_in_blocks": "0", "process_kernel_time": 0.203413, "process_mem_max_rss": "145653760", "process_out_blocks": "0", "process_user_time": 0.834435}
[0m18:44:40.857957 [debug] [MainThread]: Command `dbt init` succeeded at 18:44:40.857838 after 83.94 seconds
[0m18:44:40.858422 [debug] [MainThread]: Sending event: {'category': 'dbt', 'action': 'invocation', 'label': 'end', 'context': [<snowplow_tracker.self_describing_json.SelfDescribingJson object at 0x10bb87710>, <snowplow_tracker.self_describing_json.SelfDescribingJson object at 0x10bbf6d10>, <snowplow_tracker.self_describing_json.SelfDescribingJson object at 0x107897090>]}
[0m18:44:40.858851 [debug] [MainThread]: Flushing usage events
[0m18:44:41.035420 [debug] [MainThread]: An error was encountered while trying to flush usage events
